<?xml version="1.0" encoding="UTF-8"?>
<!-- Generated by org.testng.reporters.JUnitReportReporter -->
<testsuite hostname="LAPTOP-J72FJLLS" failures="0" tests="1" name="org.test.insureme.AppTest" time="0.005" errors="0" timestamp="2023-11-27T08:36:13 IST" skipped="0">
  <testcase classname="org.test.insureme.AppTest" name="shouldAnswerWithTrue" time="0.005"/>
  <system-out/>
</testsuite> <!-- org.test.insureme.AppTest -->
